<?xml version="1.0" encoding="UTF-8"?>
<testsuite name="co.com.ceiba.parqueadero.unitarias.VigilanteTest" tests="6" skipped="0" failures="0" errors="0" timestamp="2019-07-04T18:32:43" hostname="JEHINER-RODRIGUEZ" time="0.052">
  <properties/>
  <testcase name="calcularPrecioMotoBajaTest" classname="co.com.ceiba.parqueadero.unitarias.VigilanteTest" time="0.01"/>
  <testcase name="calcularPrecioCarroTest" classname="co.com.ceiba.parqueadero.unitarias.VigilanteTest" time="0.007"/>
  <testcase name="validarDiaNoHabilTest" classname="co.com.ceiba.parqueadero.unitarias.VigilanteTest" time="0.01"/>
  <testcase name="validarDiaLunesTest" classname="co.com.ceiba.parqueadero.unitarias.VigilanteTest" time="0.005"/>
  <testcase name="validarDiaDomingoTest" classname="co.com.ceiba.parqueadero.unitarias.VigilanteTest" time="0.007"/>
  <testcase name="calcularPrecioMotoAltaTest" classname="co.com.ceiba.parqueadero.unitarias.VigilanteTest" time="0.005"/>
  <system-out><![CDATA[2019-07-04 13:32:42.979  INFO 5548 --- [    Test worker] .b.t.c.SpringBootTestContextBootstrapper : Neither @ContextConfiguration nor @ContextHierarchy found for test class [co.com.ceiba.parqueadero.unitarias.VigilanteTest], using SpringBootContextLoader
2019-07-04 13:32:42.983  INFO 5548 --- [    Test worker] o.s.t.c.support.AbstractContextLoader    : Could not detect default resource locations for test class [co.com.ceiba.parqueadero.unitarias.VigilanteTest]: no resource found for suffixes {-context.xml, Context.groovy}.
2019-07-04 13:32:42.985  INFO 5548 --- [    Test worker] t.c.s.AnnotationConfigContextLoaderUtils : Could not detect default configuration classes for test class [co.com.ceiba.parqueadero.unitarias.VigilanteTest]: VigilanteTest does not declare any static, non-private, non-final, nested classes annotated with @Configuration.
2019-07-04 13:32:43.006  INFO 5548 --- [    Test worker] .b.t.c.SpringBootTestContextBootstrapper : Found @SpringBootConfiguration co.com.ceiba.parqueadero.ParqueaderoApplication for test class co.com.ceiba.parqueadero.unitarias.VigilanteTest
2019-07-04 13:32:43.010  INFO 5548 --- [    Test worker] .b.t.c.SpringBootTestContextBootstrapper : Loaded default TestExecutionListener class names from location [META-INF/spring.factories]: [org.springframework.boot.test.autoconfigure.restdocs.RestDocsTestExecutionListener, org.springframework.boot.test.autoconfigure.web.client.MockRestServiceServerResetTestExecutionListener, org.springframework.boot.test.autoconfigure.web.servlet.MockMvcPrintOnlyOnFailureTestExecutionListener, org.springframework.boot.test.autoconfigure.web.servlet.WebDriverTestExecutionListener, org.springframework.boot.test.mock.mockito.MockitoTestExecutionListener, org.springframework.boot.test.mock.mockito.ResetMocksTestExecutionListener, org.springframework.test.context.web.ServletTestExecutionListener, org.springframework.test.context.support.DirtiesContextBeforeModesTestExecutionListener, org.springframework.test.context.support.DependencyInjectionTestExecutionListener, org.springframework.test.context.support.DirtiesContextTestExecutionListener, org.springframework.test.context.transaction.TransactionalTestExecutionListener, org.springframework.test.context.jdbc.SqlScriptsTestExecutionListener]
2019-07-04 13:32:43.011  INFO 5548 --- [    Test worker] .b.t.c.SpringBootTestContextBootstrapper : Using TestExecutionListeners: [org.springframework.test.context.web.ServletTestExecutionListener@103349e9, org.springframework.test.context.support.DirtiesContextBeforeModesTestExecutionListener@4ace63e8, org.springframework.boot.test.mock.mockito.MockitoTestExecutionListener@758bfb2d, org.springframework.boot.test.autoconfigure.SpringBootDependencyInjectionTestExecutionListener@3d93f332, org.springframework.test.context.support.DirtiesContextTestExecutionListener@37658968, org.springframework.test.context.transaction.TransactionalTestExecutionListener@e8d6d4f, org.springframework.test.context.jdbc.SqlScriptsTestExecutionListener@24f5bd20, org.springframework.boot.test.autoconfigure.restdocs.RestDocsTestExecutionListener@65dc0ef, org.springframework.boot.test.autoconfigure.web.client.MockRestServiceServerResetTestExecutionListener@1de82785, org.springframework.boot.test.autoconfigure.web.servlet.MockMvcPrintOnlyOnFailureTestExecutionListener@78eac662, org.springframework.boot.test.autoconfigure.web.servlet.WebDriverTestExecutionListener@71ff68e2, org.springframework.boot.test.mock.mockito.ResetMocksTestExecutionListener@194d848a]
]]></system-out>
  <system-err><![CDATA[]]></system-err>
</testsuite>
